Using pre-set license

 COMMAND LINE ARGUMENTS:
/Applications/Unity2020.2.3f1/Unity.app/Contents/MacOS/Unity
-adb2
-batchMode
-noUpm
-name
AssetImportWorker0
-projectPath
/Volumes/Mac HD 1T/Unity/Curso CFTIC - Juegos/1-ZombieBird
-logFile
Logs/AssetImportWorker0.log
-srvPort
50360
Successfully changed project path to: /Volumes/Mac HD 1T/Unity/Curso CFTIC - Juegos/1-ZombieBird
/Volumes/Mac HD 1T/Unity/Curso CFTIC - Juegos/1-ZombieBird
Using Asset Import Pipeline V2.
Refreshing native plugins compatible for Editor in 184.57 ms, found 1 plugins.
Preloading 0 native plugins for Editor in 0.00 ms.
Initialize engine version: 2020.2.3f1 (8ff31bc5bf5b)
[Subsystems] Discovering subsystems at path /Applications/Unity2020.2.3f1/Unity.app/Contents/Resources/UnitySubsystems
[Subsystems] Discovering subsystems at path /Volumes/Mac HD 1T/Unity/Curso CFTIC - Juegos/1-ZombieBird/Assets
GfxDevice: creating device client; threaded=0
Renderer: NVIDIA GeForce 9400M OpenGL Engine
Vendor:   NVIDIA Corporation
Version:  3.3 NVIDIA-10.4.14 310.90.30.05b27
GLES:     0
 GL_ARB_blend_func_extended GL_ARB_ES2_compatibility GL_ARB_explicit_attrib_location GL_ARB_instanced_arrays GL_ARB_internalformat_query GL_ARB_occlusion_query2 GL_ARB_sampler_objects GL_ARB_separate_shader_objects GL_ARB_shader_bit_encoding GL_ARB_shading_language_include GL_ARB_texture_rgb10_a2ui GL_ARB_texture_storage GL_ARB_texture_swizzle GL_ARB_timer_query GL_ARB_vertex_type_2_10_10_10_rev GL_ARB_viewport_array GL_EXT_debug_label GL_EXT_debug_marker GL_EXT_depth_bounds_test GL_EXT_framebuffer_multisample_blit_scaled GL_EXT_texture_compression_s3tc GL_EXT_texture_filter_anisotropic GL_EXT_texture_mirror_clamp GL_EXT_texture_sRGB_decode GL_APPLE_client_storage GL_APPLE_container_object_shareable GL_APPLE_flush_render GL_APPLE_object_purgeable GL_APPLE_rgb_422 GL_APPLE_row_bytes GL_APPLE_texture_range GL_ATI_texture_mirror_once GL_NV_texture_barrier
OPENGL LOG: Creating OpenGL 3.3 graphics device ; Context level  <OpenGL 3.3> ; Context handle -502678016
Initialize mono
Mono path[0] = '/Applications/Unity2020.2.3f1/Unity.app/Contents/Managed'
Mono path[1] = '/Applications/Unity2020.2.3f1/Unity.app/Contents/MonoBleedingEdge/lib/mono/unityjit'
Mono config path = '/Applications/Unity2020.2.3f1/Unity.app/Contents/MonoBleedingEdge/etc'
Using monoOptions --debugger-agent=transport=dt_socket,embedding=1,server=y,suspend=n,address=127.0.0.1:56050
Begin MonoManager ReloadAssembly
Registering precompiled unity dll's ...
Register platform support module: /Applications/Unity2020.2.3f1/Unity.app/Contents/PlaybackEngines/MacStandaloneSupport/UnityEditor.OSXStandalone.Extensions.dll
Registered in 0.003803 seconds.
Native extension for OSXStandalone target not found
Refreshing native plugins compatible for Editor in 101.95 ms, found 1 plugins.
Preloading 0 native plugins for Editor in 0.00 ms.
Invoked RoslynAnalysisRunner static constructor.
RoslynAnalysisRunner will not be running.
RoslynAnalysisRunner has terminated.
Mono: successfully reloaded assembly
- Completed reload, in  5.935 seconds
Platform modules already initialized, skipping
Registering precompiled user dll's ...
Registered in 0.068771 seconds.
Begin MonoManager ReloadAssembly
Native extension for OSXStandalone target not found
Refreshing native plugins compatible for Editor in 1.79 ms, found 1 plugins.
Preloading 0 native plugins for Editor in 0.00 ms.
Invoked RoslynAnalysisRunner static constructor.
RoslynAnalysisRunner will not be running.
RoslynAnalysisRunner has terminated.
Mono: successfully reloaded assembly
- Completed reload, in  3.849 seconds
Platform modules already initialized, skipping
========================================================================
Worker process is ready to serve import requests
Launching external process: /Applications/Unity2020.2.3f1/Unity.app/Contents/Tools/UnityShaderCompiler
Launched and connected shader compiler UnityShaderCompiler after 0.27 seconds
Refreshing native plugins compatible for Editor in 0.94 ms, found 1 plugins.
Preloading 0 native plugins for Editor in 0.00 ms.
Unloading 1517 Unused Serialized files (Serialized files now loaded: 0)
System memory in use before: 123.9 MB.
System memory in use after: 124.0 MB.

Unloading 37 unused Assets to reduce memory usage. Loaded Objects now: 1941.
Total: 4.334194 ms (FindLiveObjects: 0.401427 ms CreateObjectMapping: 0.095115 ms MarkObjects: 3.674849 ms  DeleteObjects: 0.159924 ms)

========================================================================
Received Import Request.
  path: Assets/_GameAssets/Scripts/PajaroZombie.cs
  artifactKey: Guid(ffd0d20b21255744783dae98d5e99248) Importer(815301076,1909f56bfc062723c751e8b465ee728b)
Start importing Assets/_GameAssets/Scripts/PajaroZombie.cs using Guid(ffd0d20b21255744783dae98d5e99248) Importer(815301076,1909f56bfc062723c751e8b465ee728b)  -> (artifact id: 'a776c5a40455f67125ce9073f828ffdb') in 1.545023 seconds
  Import took 1.550427 seconds .

========================================================================
Received Import Request.
  Time since last request: 0.000410 seconds.
  path: Assets/_GameAssets/Scripts/GameConfig.cs
  artifactKey: Guid(58b0ca4801cc2d843bc3206a2703c970) Importer(815301076,1909f56bfc062723c751e8b465ee728b)
Start importing Assets/_GameAssets/Scripts/GameConfig.cs using Guid(58b0ca4801cc2d843bc3206a2703c970) Importer(815301076,1909f56bfc062723c751e8b465ee728b)  -> (artifact id: '66312305cd961171b2c4a12b8e8b2b84') in 0.050104 seconds
  Import took 0.054519 seconds .

========================================================================
Received Import Request.
  Time since last request: 0.000382 seconds.
  path: Assets/_GameAssets/Scripts/PipeGenerator.cs
  artifactKey: Guid(7041fa30f448c5d4cb6a48dcc3dbfe36) Importer(815301076,1909f56bfc062723c751e8b465ee728b)
Start importing Assets/_GameAssets/Scripts/PipeGenerator.cs using Guid(7041fa30f448c5d4cb6a48dcc3dbfe36) Importer(815301076,1909f56bfc062723c751e8b465ee728b)  -> (artifact id: '26fa1eb4e3ca5b4a3adab45b3e0f9d4c') in 0.010925 seconds
  Import took 0.015555 seconds .

========================================================================
Received Import Request.
  Time since last request: 40.464795 seconds.
  path: Assets/_GameAssets/Texturas/descarga (2).jpg
  artifactKey: Guid(6458a41fced5561409a4c68a91765df4) Importer(815301076,1909f56bfc062723c751e8b465ee728b)
Start importing Assets/_GameAssets/Texturas/descarga (2).jpg using Guid(6458a41fced5561409a4c68a91765df4) Importer(815301076,1909f56bfc062723c751e8b465ee728b)  -> (artifact id: '9408cb417edf079908748b5cb0c95708') in 1.473125 seconds
  Import took 1.479972 seconds .

========================================================================
Received Import Request.
  Time since last request: 0.000631 seconds.
  path: Assets/_GameAssets/Texturas/descarga.jpg
  artifactKey: Guid(1efcf2bd07e664b44bf840c3ff084cb0) Importer(815301076,1909f56bfc062723c751e8b465ee728b)
Start importing Assets/_GameAssets/Texturas/descarga.jpg using Guid(1efcf2bd07e664b44bf840c3ff084cb0) Importer(815301076,1909f56bfc062723c751e8b465ee728b)  -> (artifact id: '604e55f067669f2bd7b96f1e3bb6d234') in 0.189084 seconds
  Import took 0.194901 seconds .

========================================================================
Received Import Request.
  Time since last request: 1.399741 seconds.
  path: Assets/_GameAssets/Texturas/images (1).jpg
  artifactKey: Guid(f2e2be5397abd884a867026f2c37ec12) Importer(815301076,1909f56bfc062723c751e8b465ee728b)
Start importing Assets/_GameAssets/Texturas/images (1).jpg using Guid(f2e2be5397abd884a867026f2c37ec12) Importer(815301076,1909f56bfc062723c751e8b465ee728b)  -> (artifact id: '67299c8776912b7ab15a0cb762661f19') in 0.150961 seconds
  Import took 0.155927 seconds .

========================================================================
Received Import Request.
  Time since last request: 0.544065 seconds.
  path: Assets/_GameAssets/Texturas/images (2).jpg
  artifactKey: Guid(0a2eecce27d226c4b977e5c97cb050f3) Importer(815301076,1909f56bfc062723c751e8b465ee728b)
Start importing Assets/_GameAssets/Texturas/images (2).jpg using Guid(0a2eecce27d226c4b977e5c97cb050f3) Importer(815301076,1909f56bfc062723c751e8b465ee728b)  -> (artifact id: '9835a1e58c02a3b92a50a0b8a1410464') in 0.114124 seconds
  Import took 0.120668 seconds .

========================================================================
Received Import Request.
  Time since last request: 0.935787 seconds.
  path: Assets/_GameAssets/Texturas/images.jpg
  artifactKey: Guid(e44b9be0020021a43a8e92a98b149fc3) Importer(815301076,1909f56bfc062723c751e8b465ee728b)
Start importing Assets/_GameAssets/Texturas/images.jpg using Guid(e44b9be0020021a43a8e92a98b149fc3) Importer(815301076,1909f56bfc062723c751e8b465ee728b)  -> (artifact id: 'ccc3e327c31f83aaaf6527db529c0677') in 0.142657 seconds
  Import took 0.147590 seconds .

========================================================================
Received Import Request.
  Time since last request: 0.809308 seconds.
  path: Assets/_GameAssets/Texturas/Materials
  artifactKey: Guid(8eff7fa750b0fab47b1fd15fcf866c8a) Importer(815301076,1909f56bfc062723c751e8b465ee728b)
Start importing Assets/_GameAssets/Texturas/Materials using Guid(8eff7fa750b0fab47b1fd15fcf866c8a) Importer(815301076,1909f56bfc062723c751e8b465ee728b)  -> (artifact id: 'bc3eeb68aa5b2a84fcd4c85abb4f52ae') in 0.004077 seconds
  Import took 0.009376 seconds .

========================================================================
Received Import Request.
  Time since last request: 583.189761 seconds.
  path: Assets/_GameAssets/Prefabs/Tuberia.prefab
  artifactKey: Guid(532151dfb79e8fe4db4439aa55ac403b) Importer(815301076,1909f56bfc062723c751e8b465ee728b)
Start importing Assets/_GameAssets/Prefabs/Tuberia.prefab using Guid(532151dfb79e8fe4db4439aa55ac403b) Importer(815301076,1909f56bfc062723c751e8b465ee728b)  -> (artifact id: '0cf626f4ea86596a4c867843e600b941') in 1.576642 seconds
  Import took 1.583692 seconds .

========================================================================
Received Import Request.
  Time since last request: 104.115312 seconds.
  path: Assets/_GameAssets/Scripts/Tuberias.cs
  artifactKey: Guid(242e82331966c054b8bf61d416b76d70) Importer(815301076,1909f56bfc062723c751e8b465ee728b)
Start importing Assets/_GameAssets/Scripts/Tuberias.cs using Guid(242e82331966c054b8bf61d416b76d70) Importer(815301076,1909f56bfc062723c751e8b465ee728b)  -> (artifact id: '5e0b10091e47ca71cff1e2a974644c71') in 0.098052 seconds
  Import took 0.103366 seconds .

========================================================================
Received Import Request.
  Time since last request: 161.045521 seconds.
  path: Assets/_GameAssets/Prefabs/Explosion.prefab
  artifactKey: Guid(14785d697e304fb4cbf1b05cf86a06fd) Importer(815301076,1909f56bfc062723c751e8b465ee728b)
Start importing Assets/_GameAssets/Prefabs/Explosion.prefab using Guid(14785d697e304fb4cbf1b05cf86a06fd) Importer(815301076,1909f56bfc062723c751e8b465ee728b)  -> (artifact id: '9ca91d6da6502d7c921097de35f1288d') in 0.092886 seconds
  Import took 0.107997 seconds .

